<?xml version="1.0" encoding="UTF-8"?>
<!-- Generated by org.testng.reporters.JUnitReportReporter -->
<testsuite skipped="0" hostname="VG-IT-LAP-14" name="teazzers.testcases.TEAZ02_SearchbyName" tests="1" failures="0" timestamp="2020-05-27T19:22:05 IST" time="28.870" errors="0">
  <testcase name="searchName" time="28.870" classname="teazzers.testcases.TEAZ02_SearchbyName"/>
</testsuite> <!-- teazzers.testcases.TEAZ02_SearchbyName -->
