<?xml version="1.0" encoding="UTF-8"?>
<!-- Generated by org.testng.reporters.JUnitReportReporter -->
<testsuite skipped="0" hostname="VG-IT-LAP-14" name="teazzers.testcases.locations.TEAZ17Location_SearchbyParentName" tests="1" failures="0" timestamp="2020-07-29T12:52:21 IST" time="45.066" errors="0">
  <testcase name="searchParentName" time="45.066" classname="teazzers.testcases.locations.TEAZ17Location_SearchbyParentName"/>
</testsuite> <!-- teazzers.testcases.locations.TEAZ17Location_SearchbyParentName -->
