<?xml version="1.0" encoding="UTF-8"?>
<!-- Generated by org.testng.reporters.JUnitReportReporter -->
<testsuite skipped="0" hostname="VG-IT-LAP-14" name="teazzers.testcases.suppliers.TEAZ51Suppliers_EditSupplier" tests="1" failures="0" timestamp="2020-07-29T12:52:20 IST" time="82.770" errors="0">
  <testcase name="editSupplier" time="82.770" classname="teazzers.testcases.suppliers.TEAZ51Suppliers_EditSupplier"/>
</testsuite> <!-- teazzers.testcases.suppliers.TEAZ51Suppliers_EditSupplier -->
