<?xml version="1.0" encoding="UTF-8"?>
<!-- Generated by org.testng.reporters.JUnitReportReporter -->
<testsuite skipped="0" hostname="VG-IT-LAP-14" name="teazzers.testcases.brokers.TEAZ44Brokers_AddBroker" tests="1" failures="0" timestamp="2020-07-29T12:52:22 IST" time="64.626" errors="0">
  <testcase name="AddBroker" time="64.626" classname="teazzers.testcases.brokers.TEAZ44Brokers_AddBroker"/>
</testsuite> <!-- teazzers.testcases.brokers.TEAZ44Brokers_AddBroker -->
