<?xml version="1.0" encoding="UTF-8"?>
<!-- Generated by org.testng.reporters.JUnitReportReporter -->
<testsuite skipped="0" hostname="VG-IT-LAP-14" name="teazzers.testcases.parentcompanies.TEAZ03_SearchbyAccNum" tests="1" failures="0" timestamp="2020-05-27T19:33:17 IST" time="25.364" errors="0">
  <testcase name="searchAccNum" time="25.364" classname="teazzers.testcases.parentcompanies.TEAZ03_SearchbyAccNum"/>
</testsuite> <!-- teazzers.testcases.parentcompanies.TEAZ03_SearchbyAccNum -->
