<?xml version="1.0" encoding="UTF-8"?>
<!-- Generated by org.testng.reporters.JUnitReportReporter -->
<testsuite skipped="0" hostname="VG-IT-LAP-14" name="teazzers.testcases.distributors.TEAZ39Distributors_AddLocations" tests="1" failures="0" timestamp="2020-07-29T12:52:20 IST" time="90.155" errors="0">
  <testcase name="AddLocationDistributor" time="90.155" classname="teazzers.testcases.distributors.TEAZ39Distributors_AddLocations"/>
</testsuite> <!-- teazzers.testcases.distributors.TEAZ39Distributors_AddLocations -->
