<?xml version="1.0" encoding="UTF-8"?>
<!-- Generated by org.testng.reporters.JUnitReportReporter -->
<testsuite skipped="0" hostname="VG-IT-LAP-14" name="teazzers.testcases.parentcompanies.TEAZ05ParentCompany_SearchbyCityName" tests="1" failures="0" timestamp="2020-07-29T12:52:22 IST" time="83.564" errors="0">
  <testcase name="searchCityName" time="83.564" classname="teazzers.testcases.parentcompanies.TEAZ05ParentCompany_SearchbyCityName"/>
</testsuite> <!-- teazzers.testcases.parentcompanies.TEAZ05ParentCompany_SearchbyCityName -->
