<?xml version="1.0" encoding="UTF-8"?>
<!-- Generated by org.testng.reporters.JUnitReportReporter -->
<testsuite skipped="0" hostname="VG-IT-LAP-14" name="teazzers.testcases.TEAZ07_SearchbyPhoneNum" tests="1" failures="0" timestamp="2020-05-26T20:04:32 IST" time="54.021" errors="0">
  <testcase name="searchPhoneNum" time="54.021" classname="teazzers.testcases.TEAZ07_SearchbyPhoneNum"/>
</testsuite> <!-- teazzers.testcases.TEAZ07_SearchbyPhoneNum -->
