<?xml version="1.0" encoding="UTF-8"?>
<!-- Generated by org.testng.reporters.JUnitReportReporter -->
<testsuite skipped="0" hostname="VG-IT-LAP-14" name="teazzers.testcases.distributors.TEAZ35Distributors_SearchbyTradeName" tests="1" failures="0" timestamp="2020-07-29T12:52:21 IST" time="64.021" errors="0">
  <testcase name="searchTradeName" time="64.021" classname="teazzers.testcases.distributors.TEAZ35Distributors_SearchbyTradeName"/>
</testsuite> <!-- teazzers.testcases.distributors.TEAZ35Distributors_SearchbyTradeName -->
