<?xml version="1.0" encoding="UTF-8"?>
<!-- Generated by org.testng.reporters.JUnitReportReporter -->
<testsuite skipped="0" hostname="VG-IT-LAP-14" name="teazzers.testcases.LoginTC001" tests="1" failures="0" timestamp="2020-05-27T17:13:35 IST" time="45.861" errors="0">
  <testcase name="loginfn" time="45.861" classname="teazzers.testcases.LoginTC001"/>
</testsuite> <!-- teazzers.testcases.LoginTC001 -->
