<?xml version="1.0" encoding="UTF-8"?>
<!-- Generated by org.testng.reporters.JUnitReportReporter -->
<testsuite skipped="0" hostname="VG-IT-LAP-14" name="teazzers.testcases.locations.TEAZ19Location_SearchbyCityName" tests="1" failures="0" timestamp="2020-07-29T12:52:22 IST" time="53.819" errors="0">
  <testcase name="searchCityName" time="53.819" classname="teazzers.testcases.locations.TEAZ19Location_SearchbyCityName"/>
</testsuite> <!-- teazzers.testcases.locations.TEAZ19Location_SearchbyCityName -->
