<?xml version="1.0" encoding="UTF-8"?>
<!-- Generated by org.testng.reporters.JUnitReportReporter -->
<testsuite skipped="0" hostname="VG-IT-LAP-14" name="teazzers.testcases.brokers.TEAZ43Brokers_SearchbyFrequency" tests="1" failures="0" timestamp="2020-07-29T12:52:21 IST" time="58.403" errors="0">
  <testcase name="searchFrequency" time="58.403" classname="teazzers.testcases.brokers.TEAZ43Brokers_SearchbyFrequency"/>
</testsuite> <!-- teazzers.testcases.brokers.TEAZ43Brokers_SearchbyFrequency -->
