<?xml version="1.0" encoding="UTF-8"?>
<!-- Generated by org.testng.reporters.JUnitReportReporter -->
<testsuite skipped="0" hostname="VG-IT-LAP-14" name="teazzers.testcases.distributors.TEAZ38Distributors_EditDistributor" tests="1" failures="0" timestamp="2020-07-29T12:52:22 IST" time="93.641" errors="0">
  <testcase name="editDistributor" time="93.641" classname="teazzers.testcases.distributors.TEAZ38Distributors_EditDistributor"/>
</testsuite> <!-- teazzers.testcases.distributors.TEAZ38Distributors_EditDistributor -->
