<?xml version="1.0" encoding="UTF-8"?>
<!-- Generated by org.testng.reporters.JUnitReportReporter -->
<testsuite skipped="0" hostname="VG-IT-LAP-14" name="teazzers.testcases.locations.TEAZ21Location_SearchbyPhoneNum" tests="1" failures="0" timestamp="2020-07-29T12:52:21 IST" time="49.275" errors="0">
  <testcase name="searchPhoneNum" time="49.275" classname="teazzers.testcases.locations.TEAZ21Location_SearchbyPhoneNum"/>
</testsuite> <!-- teazzers.testcases.locations.TEAZ21Location_SearchbyPhoneNum -->
