<?xml version="1.0" encoding="UTF-8"?>
<!-- Generated by org.testng.reporters.JUnitReportReporter -->
<testsuite skipped="0" hostname="VG-IT-LAP-14" name="teazzers.testcases.contacts.TEAZ59Contacts_SearchbyPhoneNum" tests="1" failures="0" timestamp="2020-07-29T12:52:21 IST" time="41.767" errors="0">
  <testcase name="searchPhoneNum" time="41.767" classname="teazzers.testcases.contacts.TEAZ59Contacts_SearchbyPhoneNum"/>
</testsuite> <!-- teazzers.testcases.contacts.TEAZ59Contacts_SearchbyPhoneNum -->
