<?xml version="1.0" encoding="UTF-8"?>
<!-- Generated by org.testng.reporters.JUnitReportReporter -->
<testsuite skipped="0" hostname="VG-IT-LAP-14" name="teazzers.testcases.TEAZ09_EditParentWitDetails" tests="1" failures="0" timestamp="2020-05-27T18:04:53 IST" time="48.663" errors="0">
  <testcase name="editParentCompany" time="48.663" classname="teazzers.testcases.TEAZ09_EditParentWitDetails"/>
</testsuite> <!-- teazzers.testcases.TEAZ09_EditParentWitDetails -->
