<?xml version="1.0" encoding="UTF-8"?>
<!-- Generated by org.testng.reporters.JUnitReportReporter -->
<testsuite skipped="0" hostname="VG-IT-LAP-14" name="teazzers.testcases.TEAZ04_SearchbyTradeName" tests="1" failures="0" timestamp="2020-05-26T19:59:44 IST" time="47.880" errors="0">
  <testcase name="searchTradeName" time="47.880" classname="teazzers.testcases.TEAZ04_SearchbyTradeName"/>
</testsuite> <!-- teazzers.testcases.TEAZ04_SearchbyTradeName -->
