<?xml version="1.0" encoding="UTF-8"?>
<!-- Generated by org.testng.reporters.JUnitReportReporter -->
<testsuite skipped="0" hostname="VG-IT-LAP-14" name="teazzers.testcases.parentcompanies.TEAZ02ParentCompany_SearchbyName" tests="1" failures="0" timestamp="2020-07-29T12:52:22 IST" time="63.178" errors="0">
  <testcase name="searchName" time="63.178" classname="teazzers.testcases.parentcompanies.TEAZ02ParentCompany_SearchbyName"/>
</testsuite> <!-- teazzers.testcases.parentcompanies.TEAZ02ParentCompany_SearchbyName -->
