<?xml version="1.0" encoding="UTF-8"?>
<!-- Generated by org.testng.reporters.JUnitReportReporter -->
<testsuite skipped="0" hostname="VG-IT-LAP-14" name="teazzers.testcases.locations.TEAZ14Location_SearchbyName" tests="1" failures="0" timestamp="2020-07-29T12:52:22 IST" time="50.800" errors="0">
  <testcase name="locSearchName" time="50.800" classname="teazzers.testcases.locations.TEAZ14Location_SearchbyName"/>
</testsuite> <!-- teazzers.testcases.locations.TEAZ14Location_SearchbyName -->
