<?xml version="1.0" encoding="UTF-8"?>
<!-- Generated by org.testng.reporters.JUnitReportReporter -->
<testsuite skipped="0" hostname="VG-IT-LAP-14" name="teazzers.testcases.contacts.TEAZ54Contacts_SearchbyFirstName" tests="1" failures="0" timestamp="2020-07-29T12:52:22 IST" time="36.235" errors="0">
  <testcase name="searchFirstName" time="36.235" classname="teazzers.testcases.contacts.TEAZ54Contacts_SearchbyFirstName"/>
</testsuite> <!-- teazzers.testcases.contacts.TEAZ54Contacts_SearchbyFirstName -->
