<?xml version="1.0" encoding="UTF-8"?>
<!-- Generated by org.testng.reporters.JUnitReportReporter -->
<testsuite skipped="0" hostname="VG-IT-LAP-14" name="teazzers.testcases.parentcompanies.AddndSearch" tests="1" failures="0" timestamp="2020-06-16T18:43:13 IST" time="164.109" errors="0">
  <testcase name="AddParentCompany" time="164.109" classname="teazzers.testcases.parentcompanies.AddndSearch"/>
</testsuite> <!-- teazzers.testcases.parentcompanies.AddndSearch -->
