<?xml version="1.0" encoding="UTF-8"?>
<!-- Generated by org.testng.reporters.JUnitReportReporter -->
<testsuite skipped="0" hostname="VG-IT-LAP-14" name="teazzers.testcases.TEAZ10_AddLocation2Parent" tests="1" failures="0" timestamp="2020-05-27T19:04:24 IST" time="40.601" errors="0">
  <testcase name="editParentCompany" time="40.601" classname="teazzers.testcases.TEAZ10_AddLocation2Parent"/>
</testsuite> <!-- teazzers.testcases.TEAZ10_AddLocation2Parent -->
