<?xml version="1.0" encoding="UTF-8"?>
<!-- Generated by org.testng.reporters.JUnitReportReporter -->
<testsuite skipped="0" hostname="VG-IT-LAP-14" name="teazzers.testcases.suppliers.TEAZ50Suppliers_AddSupplier" tests="1" failures="0" timestamp="2020-07-29T12:52:22 IST" time="63.296" errors="0">
  <testcase name="AddSupplier" time="63.296" classname="teazzers.testcases.suppliers.TEAZ50Suppliers_AddSupplier"/>
</testsuite> <!-- teazzers.testcases.suppliers.TEAZ50Suppliers_AddSupplier -->
