<?xml version="1.0" encoding="UTF-8"?>
<!-- Generated by org.testng.reporters.JUnitReportReporter -->
<testsuite skipped="0" hostname="VG-IT-LAP-14" name="teazzers.testcases.parentcompanies.TEAZ08ParentCompany_AddNewParntWitNoOwner" tests="1" failures="0" timestamp="2020-07-29T12:52:21 IST" time="59.993" errors="0">
  <testcase name="AddParentCompany" time="59.993" classname="teazzers.testcases.parentcompanies.TEAZ08ParentCompany_AddNewParntWitNoOwner"/>
</testsuite> <!-- teazzers.testcases.parentcompanies.TEAZ08ParentCompany_AddNewParntWitNoOwner -->
