<?xml version="1.0" encoding="UTF-8"?>
<!-- Generated by org.testng.reporters.JUnitReportReporter -->
<testsuite skipped="0" hostname="VG-IT-LAP-14" name="teazzers.testcases.service_technicians.TEAZ24ServTech_SearchbyTradeName" tests="1" failures="0" timestamp="2020-07-29T12:52:21 IST" time="87.233" errors="0">
  <testcase name="searchTradeName" time="87.233" classname="teazzers.testcases.service_technicians.TEAZ24ServTech_SearchbyTradeName"/>
</testsuite> <!-- teazzers.testcases.service_technicians.TEAZ24ServTech_SearchbyTradeName -->
