<?xml version="1.0" encoding="UTF-8"?>
<!-- Generated by org.testng.reporters.JUnitReportReporter -->
<testsuite skipped="0" hostname="VG-IT-LAP-14" name="teazzers.testcases.parentcompanies.TEAZ07ParentCompany_SearchbyPhoneNum" tests="1" failures="0" timestamp="2020-07-29T12:52:22 IST" time="61.704" errors="0">
  <testcase name="searchPhoneNum" time="61.704" classname="teazzers.testcases.parentcompanies.TEAZ07ParentCompany_SearchbyPhoneNum"/>
</testsuite> <!-- teazzers.testcases.parentcompanies.TEAZ07ParentCompany_SearchbyPhoneNum -->
