<?xml version="1.0" encoding="UTF-8"?>
<!-- Generated by org.testng.reporters.JUnitReportReporter -->
<testsuite skipped="0" hostname="VG-IT-LAP-14" name="teazzers.testcases.locations.TEAZ20Location_SearchbyStateName" tests="1" failures="0" timestamp="2020-07-29T12:52:21 IST" time="45.939" errors="0">
  <testcase name="searchStateName" time="45.939" classname="teazzers.testcases.locations.TEAZ20Location_SearchbyStateName"/>
</testsuite> <!-- teazzers.testcases.locations.TEAZ20Location_SearchbyStateName -->
