<?xml version="1.0" encoding="UTF-8"?>
<!-- Generated by org.testng.reporters.JUnitReportReporter -->
<testsuite skipped="0" hostname="VG-IT-LAP-14" name="teazzers.testcases.brokers.TEAZ41Brokers_SearchbyName" tests="1" failures="0" timestamp="2020-07-29T12:52:21 IST" time="62.778" errors="0">
  <testcase name="searchName" time="62.778" classname="teazzers.testcases.brokers.TEAZ41Brokers_SearchbyName"/>
</testsuite> <!-- teazzers.testcases.brokers.TEAZ41Brokers_SearchbyName -->
