<?xml version="1.0" encoding="UTF-8"?>
<!-- Generated by org.testng.reporters.JUnitReportReporter -->
<testsuite skipped="0" hostname="VG-IT-LAP-14" name="teazzers.testcases.service_technicians.TEAZ25ServTech_SearchbyParentName" tests="1" failures="0" timestamp="2020-07-29T12:52:20 IST" time="65.295" errors="0">
  <testcase name="searchParentName" time="65.295" classname="teazzers.testcases.service_technicians.TEAZ25ServTech_SearchbyParentName"/>
</testsuite> <!-- teazzers.testcases.service_technicians.TEAZ25ServTech_SearchbyParentName -->
