<?xml version="1.0" encoding="UTF-8"?>
<!-- Generated by org.testng.reporters.JUnitReportReporter -->
<testsuite skipped="0" hostname="VG-IT-LAP-14" name="teazzers.testcases.locations.TEAZ01Location_VerifyGrid" tests="1" failures="0" timestamp="2020-05-28T14:54:08 IST" time="39.290" errors="0">
  <testcase name="verifyGrid" time="39.290" classname="teazzers.testcases.locations.TEAZ01Location_VerifyGrid"/>
</testsuite> <!-- teazzers.testcases.locations.TEAZ01Location_VerifyGrid -->
