<?xml version="1.0" encoding="UTF-8"?>
<!-- Generated by org.testng.reporters.JUnitReportReporter -->
<testsuite skipped="0" hostname="VG-IT-LAP-14" name="teazzers.testcases.contacts.TEAZ57Contacts_SearchbyDepartment" tests="1" failures="0" timestamp="2020-07-29T12:52:21 IST" time="38.057" errors="0">
  <testcase name="searchDepartment" time="38.057" classname="teazzers.testcases.contacts.TEAZ57Contacts_SearchbyDepartment"/>
</testsuite> <!-- teazzers.testcases.contacts.TEAZ57Contacts_SearchbyDepartment -->
