<?xml version="1.0" encoding="UTF-8"?>
<!-- Generated by org.testng.reporters.JUnitReportReporter -->
<testsuite skipped="0" hostname="VG-IT-LAP-14" name="teazzers.testcases.contacts.TEAZ58Contacts_SearchbyEmail" tests="1" failures="0" timestamp="2020-07-29T12:52:21 IST" time="59.372" errors="0">
  <testcase name="searchEmail" time="59.372" classname="teazzers.testcases.contacts.TEAZ58Contacts_SearchbyEmail"/>
</testsuite> <!-- teazzers.testcases.contacts.TEAZ58Contacts_SearchbyEmail -->
