<?xml version="1.0" encoding="UTF-8"?>
<!-- Generated by org.testng.reporters.JUnitReportReporter -->
<testsuite skipped="0" hostname="VG-IT-LAP-14" name="teazzers.testcases.service_technicians.TEAZ23ServTech_SearchbyAccNum" tests="1" failures="0" timestamp="2020-07-29T12:52:20 IST" time="65.632" errors="0">
  <testcase name="searchAccNum" time="65.632" classname="teazzers.testcases.service_technicians.TEAZ23ServTech_SearchbyAccNum"/>
</testsuite> <!-- teazzers.testcases.service_technicians.TEAZ23ServTech_SearchbyAccNum -->
