<?xml version="1.0" encoding="UTF-8"?>
<!-- Generated by org.testng.reporters.JUnitReportReporter -->
<testsuite skipped="0" hostname="VG-IT-LAP-14" name="teazzers.testcases.service_technicians.TEAZ31ServTechn_AddLocation2ServTech" tests="1" failures="0" timestamp="2020-07-29T12:52:22 IST" time="79.986" errors="0">
  <testcase name="AddLocationServTechn" time="79.986" classname="teazzers.testcases.service_technicians.TEAZ31ServTechn_AddLocation2ServTech"/>
</testsuite> <!-- teazzers.testcases.service_technicians.TEAZ31ServTechn_AddLocation2ServTech -->
