<?xml version="1.0" encoding="UTF-8"?>
<!-- Generated by org.testng.reporters.JUnitReportReporter -->
<testsuite skipped="0" hostname="VG-IT-LAP-14" name="teazzers.testcases.TEAZ11_FailSearchName" tests="1" failures="0" timestamp="2020-05-26T20:14:23 IST" time="40.420" errors="0">
  <testcase name="searchName" time="40.420" classname="teazzers.testcases.TEAZ11_FailSearchName"/>
</testsuite> <!-- teazzers.testcases.TEAZ11_FailSearchName -->
