<?xml version="1.0" encoding="UTF-8"?>
<!-- Generated by org.testng.reporters.JUnitReportReporter -->
<testsuite skipped="0" hostname="VG-IT-LAP-14" name="teazzers.testcases.locations.TEAZ13Location_VerifyGrid" tests="1" failures="0" timestamp="2020-07-29T12:52:20 IST" time="46.600" errors="0">
  <testcase name="verifyGrid" time="46.600" classname="teazzers.testcases.locations.TEAZ13Location_VerifyGrid"/>
</testsuite> <!-- teazzers.testcases.locations.TEAZ13Location_VerifyGrid -->
