<?xml version="1.0" encoding="UTF-8"?>
<!-- Generated by org.testng.reporters.JUnitReportReporter -->
<testsuite skipped="0" hostname="VG-IT-LAP-14" name="teazzers.testcases.brokers.TEAZ40Brokers_VerifyGrid" tests="1" failures="0" timestamp="2020-07-29T12:52:21 IST" time="47.378" errors="0">
  <testcase name="verifyGrid" time="47.378" classname="teazzers.testcases.brokers.TEAZ40Brokers_VerifyGrid"/>
</testsuite> <!-- teazzers.testcases.brokers.TEAZ40Brokers_VerifyGrid -->
