<?xml version="1.0" encoding="UTF-8"?>
<!-- Generated by org.testng.reporters.JUnitReportReporter -->
<testsuite skipped="0" hostname="VG-IT-LAP-14" name="teazzers.testcases.parentcompanies.TEAZ04ParentCompany_SearchbyTradeName" tests="1" failures="0" timestamp="2020-07-29T12:52:22 IST" time="50.906" errors="0">
  <testcase name="searchTradeName" time="50.906" classname="teazzers.testcases.parentcompanies.TEAZ04ParentCompany_SearchbyTradeName"/>
</testsuite> <!-- teazzers.testcases.parentcompanies.TEAZ04ParentCompany_SearchbyTradeName -->
