<?xml version="1.0" encoding="UTF-8"?>
<!-- Generated by org.testng.reporters.JUnitReportReporter -->
<testsuite skipped="0" hostname="VG-IT-LAP-14" name="teazzers.testcases.distributors.TEAZ36Distributors_SearchbyParentName" tests="1" failures="0" timestamp="2020-07-29T12:52:22 IST" time="91.933" errors="0">
  <testcase name="searchParentName" time="91.933" classname="teazzers.testcases.distributors.TEAZ36Distributors_SearchbyParentName"/>
</testsuite> <!-- teazzers.testcases.distributors.TEAZ36Distributors_SearchbyParentName -->
