<?xml version="1.0" encoding="UTF-8"?>
<!-- Generated by org.testng.reporters.JUnitReportReporter -->
<testsuite skipped="0" hostname="VG-IT-LAP-14" name="teazzers.testcases.contacts.TEAZ55Contacts_SearchbyLastName" tests="1" failures="0" timestamp="2020-07-29T12:52:22 IST" time="54.514" errors="0">
  <testcase name="searchLastName" time="54.514" classname="teazzers.testcases.contacts.TEAZ55Contacts_SearchbyLastName"/>
</testsuite> <!-- teazzers.testcases.contacts.TEAZ55Contacts_SearchbyLastName -->
