<?xml version="1.0" encoding="UTF-8"?>
<!-- Generated by org.testng.reporters.JUnitReportReporter -->
<testsuite skipped="0" hostname="VG-IT-LAP-14" name="teazzers.testcases.TEAZ08_AddNewParntWitNoOwner" tests="1" failures="0" timestamp="2020-05-27T17:27:51 IST" time="38.518" errors="0">
  <testcase name="AddParentCompany" time="38.518" classname="teazzers.testcases.TEAZ08_AddNewParntWitNoOwner"/>
</testsuite> <!-- teazzers.testcases.TEAZ08_AddNewParntWitNoOwner -->
