<?xml version="1.0" encoding="UTF-8"?>
<!-- Generated by org.testng.reporters.JUnitReportReporter -->
<testsuite skipped="0" hostname="VG-IT-LAP-14" name="teazzers.testcases.service_technicians.TEAZ27ServTech_SearchbyPhoneNum" tests="1" failures="0" timestamp="2020-07-29T12:52:21 IST" time="64.568" errors="0">
  <testcase name="searchPhoneNum" time="64.568" classname="teazzers.testcases.service_technicians.TEAZ27ServTech_SearchbyPhoneNum"/>
</testsuite> <!-- teazzers.testcases.service_technicians.TEAZ27ServTech_SearchbyPhoneNum -->
