<?xml version="1.0" encoding="UTF-8"?>
<!-- Generated by org.testng.reporters.JUnitReportReporter -->
<testsuite skipped="0" hostname="VG-IT-LAP-14" name="teazzers.testcases.locations.TEAZ18Location_SearchbyServiceTechnician" tests="1" failures="0" timestamp="2020-07-29T12:52:22 IST" time="54.908" errors="0">
  <testcase name="searchServiceTechnician" time="54.908" classname="teazzers.testcases.locations.TEAZ18Location_SearchbyServiceTechnician"/>
</testsuite> <!-- teazzers.testcases.locations.TEAZ18Location_SearchbyServiceTechnician -->
