<?xml version="1.0" encoding="UTF-8"?>
<!-- Generated by org.testng.reporters.JUnitReportReporter -->
<testsuite skipped="0" hostname="VG-IT-LAP-14" name="teazzers.testcases.service_technicians.TEAZ30ServTech_EditServTechDetails" tests="1" failures="0" timestamp="2020-07-29T12:52:22 IST" time="98.077" errors="0">
  <testcase name="editServTechn" time="98.077" classname="teazzers.testcases.service_technicians.TEAZ30ServTech_EditServTechDetails"/>
</testsuite> <!-- teazzers.testcases.service_technicians.TEAZ30ServTech_EditServTechDetails -->
