<?xml version="1.0" encoding="UTF-8"?>
<!-- Generated by org.testng.reporters.JUnitReportReporter -->
<testsuite skipped="0" hostname="VG-IT-LAP-14" name="teazzers.testcases.TEAZ01_VerifyGrid" tests="1" failures="0" timestamp="2020-05-26T19:30:02 IST" time="46.459" errors="0">
  <testcase name="verifyGrid" time="46.459" classname="teazzers.testcases.TEAZ01_VerifyGrid"/>
</testsuite> <!-- teazzers.testcases.TEAZ01_VerifyGrid -->
