<?xml version="1.0" encoding="UTF-8"?>
<!-- Generated by org.testng.reporters.JUnitReportReporter -->
<testsuite skipped="0" hostname="VG-IT-LAP-14" name="teazzers.testcases.service_technicians.TEAZ29ServTech_AddServTech" tests="1" failures="0" timestamp="2020-07-29T12:52:21 IST" time="99.071" errors="0">
  <testcase name="AddServTechn" time="99.071" classname="teazzers.testcases.service_technicians.TEAZ29ServTech_AddServTech"/>
</testsuite> <!-- teazzers.testcases.service_technicians.TEAZ29ServTech_AddServTech -->
