<?xml version="1.0" encoding="UTF-8"?>
<!-- Generated by org.testng.reporters.JUnitReportReporter -->
<testsuite skipped="0" hostname="VG-IT-LAP-14" name="teazzers.testcases.parentcompanies.TEAZ10ParentCompany_AddLocation2Parent" tests="1" failures="0" timestamp="2020-07-29T12:52:22 IST" time="68.957" errors="0">
  <testcase name="addLocation" time="68.957" classname="teazzers.testcases.parentcompanies.TEAZ10ParentCompany_AddLocation2Parent"/>
</testsuite> <!-- teazzers.testcases.parentcompanies.TEAZ10ParentCompany_AddLocation2Parent -->
