<?xml version="1.0" encoding="UTF-8"?>
<!-- Generated by org.testng.reporters.JUnitReportReporter -->
<testsuite skipped="0" hostname="VG-IT-LAP-14" name="teazzers.testcases.brokers.sample" tests="1" failures="0" timestamp="2020-06-01T18:17:25 IST" time="53.646" errors="0">
  <testcase name="editBroker" time="53.646" classname="teazzers.testcases.brokers.sample"/>
</testsuite> <!-- teazzers.testcases.brokers.sample -->
