<?xml version="1.0" encoding="UTF-8"?>
<!-- Generated by org.testng.reporters.JUnitReportReporter -->
<testsuite skipped="0" hostname="VG-IT-LAP-14" name="teazzers.testcases.TEAZ03_SearchbyAccNum" tests="1" failures="0" timestamp="2020-05-27T19:18:49 IST" time="27.609" errors="0">
  <testcase name="searchAccNum" time="27.609" classname="teazzers.testcases.TEAZ03_SearchbyAccNum"/>
</testsuite> <!-- teazzers.testcases.TEAZ03_SearchbyAccNum -->
