<?xml version="1.0" encoding="UTF-8"?>
<!-- Generated by org.testng.reporters.JUnitReportReporter -->
<testsuite skipped="0" hostname="VG-IT-LAP-14" name="teazzers.testcases.distributors.TEAZ37Distributors_AddDistributor" tests="1" failures="0" timestamp="2020-07-29T12:52:22 IST" time="66.527" errors="0">
  <testcase name="AddDistributor" time="66.527" classname="teazzers.testcases.distributors.TEAZ37Distributors_AddDistributor"/>
</testsuite> <!-- teazzers.testcases.distributors.TEAZ37Distributors_AddDistributor -->
