<?xml version="1.0" encoding="UTF-8"?>
<!-- Generated by org.testng.reporters.JUnitReportReporter -->
<testsuite skipped="0" hostname="VG-IT-LAP-14" name="teazzers.testcases.brokers.TEAZ42Brokers_SearchbyChannel" tests="1" failures="0" timestamp="2020-07-29T12:52:20 IST" time="67.114" errors="0">
  <testcase name="searchChannel" time="67.114" classname="teazzers.testcases.brokers.TEAZ42Brokers_SearchbyChannel"/>
</testsuite> <!-- teazzers.testcases.brokers.TEAZ42Brokers_SearchbyChannel -->
