<?xml version="1.0" encoding="UTF-8"?>
<!-- Generated by org.testng.reporters.JUnitReportReporter -->
<testsuite skipped="0" hostname="VG-IT-LAP-14" name="teazzers.testcases.brokers.TEAZ46Brokers_AddLocation" tests="1" failures="0" timestamp="2020-07-29T12:52:21 IST" time="77.182" errors="0">
  <testcase name="AddLocationBroker" time="77.182" classname="teazzers.testcases.brokers.TEAZ46Brokers_AddLocation"/>
</testsuite> <!-- teazzers.testcases.brokers.TEAZ46Brokers_AddLocation -->
