<?xml version="1.0" encoding="UTF-8"?>
<!-- Generated by org.testng.reporters.JUnitReportReporter -->
<testsuite skipped="0" hostname="VG-IT-LAP-14" name="teazzers.testcases.TEAZ06_SearchbyStateName" tests="1" failures="0" timestamp="2020-05-27T19:19:36 IST" time="26.968" errors="0">
  <testcase name="searchStateName" time="26.968" classname="teazzers.testcases.TEAZ06_SearchbyStateName"/>
</testsuite> <!-- teazzers.testcases.TEAZ06_SearchbyStateName -->
