<?xml version="1.0" encoding="UTF-8"?>
<!-- Generated by org.testng.reporters.JUnitReportReporter -->
<testsuite skipped="0" hostname="VG-IT-LAP-14" name="teazzers.testcases.parentcompanies.TEAZ01ParentCompany_VerifyGrid" tests="1" failures="0" timestamp="2020-07-29T12:52:21 IST" time="43.741" errors="0">
  <testcase name="verifyGrid" time="43.741" classname="teazzers.testcases.parentcompanies.TEAZ01ParentCompany_VerifyGrid"/>
</testsuite> <!-- teazzers.testcases.parentcompanies.TEAZ01ParentCompany_VerifyGrid -->
