<?xml version="1.0" encoding="UTF-8"?>
<!-- Generated by org.testng.reporters.JUnitReportReporter -->
<testsuite skipped="0" hostname="VG-IT-LAP-14" name="teazzers.testcases.service_technicians.TEAZ26ServTech_SearchbyCityName" tests="1" failures="0" timestamp="2020-07-29T13:03:40 IST" time="104.962" errors="0">
  <testcase name="searchCityName" time="104.962" classname="teazzers.testcases.service_technicians.TEAZ26ServTech_SearchbyCityName"/>
</testsuite> <!-- teazzers.testcases.service_technicians.TEAZ26ServTech_SearchbyCityName -->
