<?xml version="1.0" encoding="UTF-8"?>
<!-- Generated by org.testng.reporters.JUnitReportReporter -->
<testsuite skipped="0" hostname="VG-IT-LAP-14" name="teazzers.testcases.brokers.TEAZ45Brokers_EditBroker" tests="1" failures="0" timestamp="2020-07-29T12:52:22 IST" time="86.089" errors="0">
  <testcase name="editBroker" time="86.089" classname="teazzers.testcases.brokers.TEAZ45Brokers_EditBroker"/>
</testsuite> <!-- teazzers.testcases.brokers.TEAZ45Brokers_EditBroker -->
